12. Printing statistics.

=== fifo_sync ===

   Number of wires:                628
   Number of wire bits:           1251
   Number of public wires:          37
   Number of public wire bits:     629
   Number of memories:               0
   Number of memory bits:            0
   Number of processes:              0
   Number of cells:               1207
     $_ANDNOT_                      47
     $_AND_                          6
     $_DFFE_PP_                    512
     $_MUX_                        488
     $_NAND_                         6
     $_NOR_                          3
     $_NOT_                         20
     $_ORNOT_                       17
     $_OR_                          22
     $_SDFFE_PN0N_                  37
     $_SDFF_PN0_                    19
     $_SDFF_PN1_                     2
     $_XNOR_                         8
     $_XOR_                         20

